<?xml version="1.0" encoding="UTF-8"?>
<!-- Generated by org.testng.reporters.JUnitReportReporter -->
<testsuite hostname="Sakhare" failures="0" tests="7" name="com.herokuapp.booker.restful.RestfulbookerTest" time="11.466" errors="0" timestamp="2026-04-05T19:39:41 IST" skipped="0">
  <testcase classname="com.herokuapp.booker.restful.RestfulbookerTest" name="CreateToken" time="4.378"/>
  <testcase classname="com.herokuapp.booker.restful.RestfulbookerTest" name="CreateBooking" time="1.142"/>
  <testcase classname="com.herokuapp.booker.restful.RestfulbookerTest" name="GetBookingById" time="1.109"/>
  <testcase classname="com.herokuapp.booker.restful.RestfulbookerTest" name="GetAllBookingById" time="1.512"/>
  <testcase classname="com.herokuapp.booker.restful.RestfulbookerTest" name="UpdateBooking" time="1.229"/>
  <testcase classname="com.herokuapp.booker.restful.RestfulbookerTest" name="PartialUpdateBooking" time="1.028"/>
  <testcase classname="com.herokuapp.booker.restful.RestfulbookerTest" name="DeleteBooking" time="1.068"/>
</testsuite> <!-- com.herokuapp.booker.restful.RestfulbookerTest -->
